[debug] [2025-04-23T04:25:05.393Z] ----------------------------------------------------------------------
[debug] [2025-04-23T04:25:05.396Z] Command:       C:\Program Files\nodejs\node.exe C:\Users\Acer nitro 5\Desktop\Firebase\GitHubActionPractice\node_modules\firebase-tools\lib\bin\firebase.js emulators:start
[debug] [2025-04-23T04:25:05.396Z] CLI Version:   14.2.0
[debug] [2025-04-23T04:25:05.396Z] Platform:      win32
[debug] [2025-04-23T04:25:05.396Z] Node Version:  v22.14.0
[debug] [2025-04-23T04:25:05.397Z] Time:          Wed Apr 23 2025 11:25:05 GMT+0700 (เวลาอินโดจีน)
[debug] [2025-04-23T04:25:05.397Z] ----------------------------------------------------------------------
[debug] 
[debug] [2025-04-23T04:25:05.628Z] > command requires scopes: ["email","openid","https://www.googleapis.com/auth/cloudplatformprojects.readonly","https://www.googleapis.com/auth/firebase","https://www.googleapis.com/auth/cloud-platform"]
[debug] [2025-04-23T04:25:05.629Z] > authorizing via signed-in user (6733113621@student.chula.ac.th)
[info] i  emulators: Starting emulators: hosting {"metadata":{"emulator":{"name":"hub"},"message":"Starting emulators: hosting"}}
[debug] [2025-04-23T04:25:05.638Z] [logging] Logging Emulator only supports listening on one address (127.0.0.1). Not listening on ::1
[debug] [2025-04-23T04:25:05.638Z] [hosting] Hosting Emulator only supports listening on one address (127.0.0.1). Not listening on ::1
[debug] [2025-04-23T04:25:05.639Z] assigned listening specs for emulators {"user":{"hub":[{"address":"127.0.0.1","family":"IPv4","port":4400},{"address":"::1","family":"IPv6","port":4400}],"logging":[{"address":"127.0.0.1","family":"IPv4","port":4500}],"hosting":[{"address":"127.0.0.1","family":"IPv4","port":5000}]},"metadata":{"message":"assigned listening specs for emulators"}}
[debug] [2025-04-23T04:25:05.645Z] [hub] writing locator at C:\Users\ACERNI~1\AppData\Local\Temp\hub-se-firebasegithubactionprac.json
[debug] [2025-04-23T04:25:05.659Z] Checked if tokens are valid: true, expires at: 1745385075269
[debug] [2025-04-23T04:25:05.659Z] Checked if tokens are valid: true, expires at: 1745385075269
[debug] [2025-04-23T04:25:05.660Z] >>> [apiv2][query] GET https://firebasehosting.googleapis.com/v1beta1/projects/se-firebasegithubactionprac/sites 
[debug] [2025-04-23T04:25:06.520Z] <<< [apiv2][status] GET https://firebasehosting.googleapis.com/v1beta1/projects/se-firebasegithubactionprac/sites 200
[debug] [2025-04-23T04:25:06.521Z] <<< [apiv2][body] GET https://firebasehosting.googleapis.com/v1beta1/projects/se-firebasegithubactionprac/sites {"sites":[{"name":"projects/se-firebasegithubactionprac/sites/se-firebasegithubactionprac","defaultUrl":"https://se-firebasegithubactionprac.web.app","type":"DEFAULT_SITE"}]}
[debug] [2025-04-23T04:25:06.521Z] Checked if tokens are valid: true, expires at: 1745385075269
[debug] [2025-04-23T04:25:06.521Z] Checked if tokens are valid: true, expires at: 1745385075269
[debug] [2025-04-23T04:25:06.521Z] >>> [apiv2][query] GET https://firebase.googleapis.com/v1beta1/projects/se-firebasegithubactionprac/webApps/-/config [none]
[debug] [2025-04-23T04:25:07.176Z] <<< [apiv2][status] GET https://firebase.googleapis.com/v1beta1/projects/se-firebasegithubactionprac/webApps/-/config 200
[debug] [2025-04-23T04:25:07.177Z] <<< [apiv2][body] GET https://firebase.googleapis.com/v1beta1/projects/se-firebasegithubactionprac/webApps/-/config {"projectId":"se-firebasegithubactionprac","storageBucket":"se-firebasegithubactionprac.firebasestorage.app","apiKey":"AIzaSyAUHkIwC7e3XP2uekp8-eHlvf7_QQTGUWo","authDomain":"se-firebasegithubactionprac.firebaseapp.com","messagingSenderId":"193028478110"}
[debug] [2025-04-23T04:25:07.186Z] Checked if tokens are valid: true, expires at: 1745385075269
[debug] [2025-04-23T04:25:07.186Z] Checked if tokens are valid: true, expires at: 1745385075269
[debug] [2025-04-23T04:25:07.186Z] >>> [apiv2][query] GET https://firebase.googleapis.com/v1beta1/projects/se-firebasegithubactionprac [none]
[debug] [2025-04-23T04:25:07.483Z] <<< [apiv2][status] GET https://firebase.googleapis.com/v1beta1/projects/se-firebasegithubactionprac 200
[debug] [2025-04-23T04:25:07.483Z] <<< [apiv2][body] GET https://firebase.googleapis.com/v1beta1/projects/se-firebasegithubactionprac {"projectId":"se-firebasegithubactionprac","projectNumber":"193028478110","displayName":"SE-FirebaseGitHubActionPrac","name":"projects/se-firebasegithubactionprac","resources":{"hostingSite":"se-firebasegithubactionprac"},"state":"ACTIVE","etag":"1_5c94f53c-74e8-435c-a156-a33c38039ac2"}
[info] i  hosting[se-firebasegithubactionprac]: Serving hosting files from: public {"metadata":{"emulator":{"name":"hosting"},"message":"Serving hosting files from: \u001b[1mpublic\u001b[22m"}}
[info] +  hosting[se-firebasegithubactionprac]: Local server: http://127.0.0.1:5000 {"metadata":{"emulator":{"name":"hosting"},"message":"Local server: \u001b[4m\u001b[1mhttp://127.0.0.1:5000\u001b[22m\u001b[24m"}}
[warn] !  emulators: The Emulator UI is not starting, either because none of the running emulators have a UI component or the Emulator UI cannot determine the Project ID. Pass the --project flag to specify a project. {"metadata":{"emulator":{"name":"hub"},"message":"The Emulator UI is not starting, either because none of the running emulators have a UI component or the Emulator UI cannot determine the Project ID. Pass the --project flag to specify a project."}}
[debug] [2025-04-23T04:25:07.505Z] Could not find VSCode notification endpoint: FetchError: request to http://localhost:40001/vscode/notify failed, reason: . If you are not running the Firebase Data Connect VSCode extension, this is expected and not an issue.
[info] 
┌─────────────────────────────────────────────────────────────┐
│ ✔  All emulators ready! It is now safe to connect your app. │
└─────────────────────────────────────────────────────────────┘

┌──────────┬────────────────┐
│ Emulator │ Host:Port      │
├──────────┼────────────────┤
│ Hosting  │ 127.0.0.1:5000 │
└──────────┴────────────────┘
  Emulator Hub host: 127.0.0.1 port: 4400
  Other reserved ports: 4500

Issues? Report them at https://github.com/firebase/firebase-tools/issues and attach the *-debug.log files.
 
